<?xml version="1.0" encoding="UTF-8"?>
<!-- Generated by org.testng.reporters.JUnitReportReporter -->
<testsuite hostname="DESKTOP-Q13OS2E" failures="0" tests="2" name="test.Class1" time="3.199" errors="0" timestamp="14 Nov 2022 08:30:30 GMT">
  <testcase classname="test.Class1" name="get_tc1" time="2.606"/>
  <testcase classname="test.Class1" name="post_tc3" time="0.593"/>
</testsuite> <!-- test.Class1 -->
